[    0.000000] Initializing cgroup subsys cpuset
[    0.000000] Initializing cgroup subsys cpu
[    0.000000] Initializing cgroup subsys cpuacct
[    0.000000] Linux version 4.4.0-173-generic (buildd@lgw01-amd64-037) (gcc version 5.4.0 20160609 (Ubuntu 5.4.0-6ubuntu1~16.04.12) ) #203-Ubuntu SMP Wed Jan 15 02:55:01 UTC 2020 (Ubuntu 4.4.0-173.203-generic 4.4.208)
[    0.000000] Command line: BOOT_IMAGE=/boot/vmlinuz-4.4.0-173-generic root=LABEL=cloudimg-rootfs ro console=tty1 console=ttyS0
[    0.000000] KERNEL supported cpus:
[    0.000000]   Intel GenuineIntel
[    0.000000]   AMD AuthenticAMD
[    0.000000]   Centaur CentaurHauls
[    0.000000] x86/fpu: xstate_offset[2]:  576, xstate_sizes[2]:  256
[    0.000000] x86/fpu: Supporting XSAVE feature 0x01: 'x87 floating point registers'
[    0.000000] x86/fpu: Supporting XSAVE feature 0x02: 'SSE registers'
[    0.000000] x86/fpu: Supporting XSAVE feature 0x04: 'AVX registers'
[    0.000000] x86/fpu: Enabled xstate features 0x7, context size is 832 bytes, using 'standard' format.
[    0.000000] e820: BIOS-provided physical RAM map:
[    0.000000] BIOS-e820: [mem 0x0000000000000000-0x000000000009fbff] usable
[    0.000000] BIOS-e820: [mem 0x000000000009fc00-0x000000000009ffff] reserved
[    0.000000] BIOS-e820: [mem 0x00000000000f0000-0x00000000000fffff] reserved
[    0.000000] BIOS-e820: [mem 0x0000000000100000-0x000000003ffeffff] usable
[    0.000000] BIOS-e820: [mem 0x000000003fff0000-0x000000003fffffff] ACPI data
[    0.000000] BIOS-e820: [mem 0x00000000fec00000-0x00000000fec00fff] reserved
[    0.000000] BIOS-e820: [mem 0x00000000fee00000-0x00000000fee00fff] reserved
[    0.000000] BIOS-e820: [mem 0x00000000fffc0000-0x00000000ffffffff] reserved
[    0.000000] NX (Execute Disable) protection: active
[    0.000000] SMBIOS 2.5 present.
[    0.000000] Hypervisor detected: KVM
[    0.000000] e820: last_pfn = 0x3fff0 max_arch_pfn = 0x400000000
[    0.000000] MTRR: Disabled
[    0.000000] x86/PAT: MTRRs disabled, skipping PAT initialization too.
[    0.000000] CPU MTRRs all blank - virtualized system.
[    0.000000] x86/PAT: Configuration [0-7]: WB  WT  UC- UC  WB  WT  UC- UC  
[    0.000000] found SMP MP-table at [mem 0x0009fff0-0x0009ffff] mapped at [ffff88000009fff0]
[    0.000000] Scanning 1 areas for low memory corruption
[    0.000000] RAMDISK: [mem 0x362e4000-0x37169fff]
[    0.000000] ACPI: Early table checksum verification disabled
[    0.000000] ACPI: RSDP 0x00000000000E0000 000024 (v02 VBOX  )
[    0.000000] ACPI: XSDT 0x000000003FFF0030 00003C (v01 VBOX   VBOXXSDT 00000001 ASL  00000061)
[    0.000000] ACPI: FACP 0x000000003FFF00F0 0000F4 (v04 VBOX   VBOXFACP 00000001 ASL  00000061)
[    0.000000] ACPI: DSDT 0x000000003FFF0470 002325 (v02 VBOX   VBOXBIOS 00000002 INTL 20100528)
[    0.000000] ACPI: FACS 0x000000003FFF0200 000040
[    0.000000] ACPI: FACS 0x000000003FFF0200 000040
[    0.000000] ACPI: APIC 0x000000003FFF0240 00005C (v02 VBOX   VBOXAPIC 00000001 ASL  00000061)
[    0.000000] ACPI: SSDT 0x000000003FFF02A0 0001CC (v01 VBOX   VBOXCPUT 00000002 INTL 20100528)
[    0.000000] No NUMA configuration found
[    0.000000] Faking a node at [mem 0x0000000000000000-0x000000003ffeffff]
[    0.000000] NODE_DATA(0) allocated [mem 0x3ffeb000-0x3ffeffff]
[    0.000000] kvm-clock: Using msrs 4b564d01 and 4b564d00
[    0.000000] kvm-clock: cpu 0, msr 0:3ffe3001, primary cpu clock
[    0.000000] kvm-clock: using sched offset of 4322483106 cycles
[    0.000000] clocksource: kvm-clock: mask: 0xffffffffffffffff max_cycles: 0x1cd42e4dffb, max_idle_ns: 881590591483 ns
[    0.000000] Zone ranges:
[    0.000000]   DMA      [mem 0x0000000000001000-0x0000000000ffffff]
[    0.000000]   DMA32    [mem 0x0000000001000000-0x000000003ffeffff]
[    0.000000]   Normal   empty
[    0.000000]   Device   empty
[    0.000000] Movable zone start for each node
[    0.000000] Early memory node ranges
[    0.000000]   node   0: [mem 0x0000000000001000-0x000000000009efff]
[    0.000000]   node   0: [mem 0x0000000000100000-0x000000003ffeffff]
[    0.000000] Initmem setup node 0 [mem 0x0000000000001000-0x000000003ffeffff]
[    0.000000] ACPI: PM-Timer IO Port: 0x4008
[    0.000000] IOAPIC[0]: apic_id 2, version 32, address 0xfec00000, GSI 0-23
[    0.000000] ACPI: INT_SRC_OVR (bus 0 bus_irq 0 global_irq 2 dfl dfl)
[    0.000000] ACPI: INT_SRC_OVR (bus 0 bus_irq 9 global_irq 9 low level)
[    0.000000] Using ACPI (MADT) for SMP configuration information
[    0.000000] smpboot: Allowing 2 CPUs, 0 hotplug CPUs
[    0.000000] PM: Registered nosave memory: [mem 0x00000000-0x00000fff]
[    0.000000] PM: Registered nosave memory: [mem 0x0009f000-0x0009ffff]
[    0.000000] PM: Registered nosave memory: [mem 0x000a0000-0x000effff]
[    0.000000] PM: Registered nosave memory: [mem 0x000f0000-0x000fffff]
[    0.000000] e820: [mem 0x40000000-0xfebfffff] available for PCI devices
[    0.000000] Booting paravirtualized kernel on KVM
[    0.000000] clocksource: refined-jiffies: mask: 0xffffffff max_cycles: 0xffffffff, max_idle_ns: 7645519600211568 ns
[    0.000000] setup_percpu: NR_CPUS:512 nr_cpumask_bits:512 nr_cpu_ids:2 nr_node_ids:1
[    0.000000] PERCPU: Embedded 33 pages/cpu @ffff88003fc00000 s95448 r8192 d31528 u1048576
[    0.000000] Built 1 zonelists in Node order, mobility grouping on.  Total pages: 257912
[    0.000000] Policy zone: DMA32
[    0.000000] Kernel command line: BOOT_IMAGE=/boot/vmlinuz-4.4.0-173-generic root=LABEL=cloudimg-rootfs ro console=tty1 console=ttyS0
[    0.000000] PID hash table entries: 4096 (order: 3, 32768 bytes)
[    0.000000] Memory: 997680K/1048120K available (8626K kernel code, 1336K rwdata, 4032K rodata, 1488K init, 1292K bss, 50440K reserved, 0K cma-reserved)
[    0.000000] SLUB: HWalign=64, Order=0-3, MinObjects=0, CPUs=2, Nodes=1
[    0.000000] Kernel/User page tables isolation: enabled
[    0.000000] Hierarchical RCU implementation.
[    0.000000] 	Build-time adjustment of leaf fanout to 64.
[    0.000000] 	RCU restricting CPUs from NR_CPUS=512 to nr_cpu_ids=2.
[    0.000000] RCU: Adjusting geometry for rcu_fanout_leaf=64, nr_cpu_ids=2
[    0.000000] NR_IRQS:33024 nr_irqs:440 16
[    0.000000] Console: colour VGA+ 80x25
[    0.000000] console [tty1] enabled
[    0.000000] console [ttyS0] enabled
[    0.000000] tsc: Detected 3392.294 MHz processor
[    0.294848] Calibrating delay loop (skipped) preset value.. 6784.58 BogoMIPS (lpj=13569176)
[    0.297896] pid_max: default: 32768 minimum: 301
[    0.299605] ACPI: Core revision 20150930
[    0.304539] ACPI: 2 ACPI AML tables successfully acquired and loaded
[    0.307020] Security Framework initialized
[    0.308546] Yama: becoming mindful.
[    0.310032] AppArmor: AppArmor initialized
[    0.311706] Dentry cache hash table entries: 131072 (order: 8, 1048576 bytes)
[    0.315892] Inode-cache hash table entries: 65536 (order: 7, 524288 bytes)
[    0.318356] Mount-cache hash table entries: 2048 (order: 2, 16384 bytes)
[    0.320512] Mountpoint-cache hash table entries: 2048 (order: 2, 16384 bytes)
[    0.323195] Initializing cgroup subsys io
[    0.324737] Initializing cgroup subsys memory
[    0.326545] Initializing cgroup subsys devices
[    0.328353] Initializing cgroup subsys freezer
[    0.330017] Initializing cgroup subsys net_cls
[    0.331634] Initializing cgroup subsys perf_event
[    0.333259] Initializing cgroup subsys net_prio
[    0.334945] Initializing cgroup subsys hugetlb
[    0.336717] Initializing cgroup subsys pids
[    0.338859] mce: CPU supports 0 MCE banks
[    0.340405] Last level iTLB entries: 4KB 512, 2MB 8, 4MB 8
[    0.342276] Last level dTLB entries: 4KB 512, 2MB 32, 4MB 32, 1GB 0
[    0.344441] Spectre V1 : Mitigation: usercopy/swapgs barriers and __user pointer sanitization
[    0.347804] Spectre V2 : Mitigation: Full generic retpoline
[    0.349679] Spectre V2 : Spectre v2 / SpectreRSB mitigation: Filling RSB on context switch
[    0.352972] Speculative Store Bypass: Vulnerable
[    0.354841] MDS: Vulnerable: Clear CPU buffers attempted, no microcode
[    0.362072] Freeing SMP alternatives memory: 36K
[    0.374364] ftrace: allocating 32304 entries in 127 pages
[    0.480386] smpboot: APIC(0) Converting physical 0 to logical package 0
[    0.482876] smpboot: Max logical packages: 1
[    0.485486] x2apic enabled
[    0.487285] Switched APIC routing to physical x2apic.
[    0.491602] ..TIMER: vector=0x30 apic1=0 pin1=2 apic2=-1 pin2=-1
[    0.601964] smpboot: CPU0: Intel(R) Core(TM) i7-3770 CPU @ 3.40GHz (family: 0x6, model: 0x3a, stepping: 0x9)
[    0.606262] Performance Events: unsupported p6 CPU model 58 no PMU driver, software events only.
[    0.624958] KVM setup paravirtual spinlock
[    0.627548] x86: Booting SMP configuration:
[    0.629292] .... node  #0, CPUs:      #1
[    0.630954] kvm-clock: cpu 1, msr 0:3ffe3041, secondary cpu clock
[    0.632464] mce: CPU supports 0 MCE banks
[    0.635248] x86: Booted up 1 node, 2 CPUs
[    0.637253] smpboot: Total of 2 processors activated (13569.17 BogoMIPS)
[    0.640295] devtmpfs: initialized
[    0.651886] evm: security.selinux
[    0.653397] evm: security.SMACK64
[    0.655041] evm: security.SMACK64EXEC
[    0.656631] evm: security.SMACK64TRANSMUTE
[    0.658199] evm: security.SMACK64MMAP
[    0.659673] evm: security.ima
[    0.660937] evm: security.capability
[    0.662689] clocksource: jiffies: mask: 0xffffffff max_cycles: 0xffffffff, max_idle_ns: 7645041785100000 ns
[    0.666039] futex hash table entries: 512 (order: 3, 32768 bytes)
[    0.668385] pinctrl core: initialized pinctrl subsystem
[    0.670368] RTC time: 18:49:17, date: 02/07/20
[    0.672333] NET: Registered protocol family 16
[    0.687119] cpuidle: using governor ladder
[    0.699768] cpuidle: using governor menu
[    0.701465] PCCT header not found.
[    0.703304] ACPI: bus type PCI registered
[    0.704919] acpiphp: ACPI Hot Plug PCI Controller Driver version: 0.5
[    0.707241] PCI: Using configuration type 1 for base access
[    0.724640] ACPI: Added _OSI(Module Device)
[    0.726483] ACPI: Added _OSI(Processor Device)
[    0.728200] ACPI: Added _OSI(3.0 _SCP Extensions)
[    0.730042] ACPI: Added _OSI(Processor Aggregator Device)
[    0.733382] ACPI: Executed 1 blocks of module-level executable AML code
[    0.740840] ACPI: Interpreter enabled
[    0.742452] ACPI: (supports S0 S5)
[    0.743912] ACPI: Using IOAPIC for interrupt routing
[    0.746015] PCI: Using host bridge windows from ACPI; if necessary, use "pci=nocrs" and report a bug
[    0.757627] ACPI: PCI Root Bridge [PCI0] (domain 0000 [bus 00-ff])
[    0.759803] acpi PNP0A03:00: _OSC: OS supports [ASPM ClockPM Segments MSI]
[    0.762901] acpi PNP0A03:00: _OSC: not requesting OS control; OS requires [ExtendedConfig ASPM ClockPM MSI]
[    0.766315] acpi PNP0A03:00: fail to add MMCONFIG information, can't access extended PCI configuration space under this bridge.
[    0.770638] PCI host bridge to bus 0000:00
[    0.772339] pci_bus 0000:00: root bus resource [io  0x0000-0x0cf7 window]
[    0.774640] pci_bus 0000:00: root bus resource [io  0x0d00-0xffff window]
[    0.776848] pci_bus 0000:00: root bus resource [mem 0x000a0000-0x000bffff window]
[    0.779684] pci_bus 0000:00: root bus resource [mem 0x40000000-0xfdffffff window]
[    0.782506] pci_bus 0000:00: root bus resource [bus 00-ff]
[    0.787265] pci 0000:00:01.1: legacy IDE quirk: reg 0x10: [io  0x01f0-0x01f7]
[    0.790064] pci 0000:00:01.1: legacy IDE quirk: reg 0x14: [io  0x03f6]
[    0.792418] pci 0000:00:01.1: legacy IDE quirk: reg 0x18: [io  0x0170-0x0177]
[    0.794719] pci 0000:00:01.1: legacy IDE quirk: reg 0x1c: [io  0x0376]
[    0.835815] pci 0000:00:07.0: quirk: [io  0x4000-0x403f] claimed by PIIX4 ACPI
[    0.838960] pci 0000:00:07.0: quirk: [io  0x4100-0x410f] claimed by PIIX4 SMB
[    0.851378] ACPI: PCI Interrupt Link [LNKA] (IRQs 5 9 10 *11)
[    0.854763] ACPI: PCI Interrupt Link [LNKB] (IRQs 5 9 *10 11)
[    0.857835] ACPI: PCI Interrupt Link [LNKC] (IRQs 5 *9 10 11)
[    0.860620] ACPI: PCI Interrupt Link [LNKD] (IRQs 5 9 10 *11)
[    0.863387] ACPI: Enabled 2 GPEs in block 00 to 07
[    0.865728] vgaarb: setting as boot device: PCI:0000:00:02.0
[    0.867622] vgaarb: device added: PCI:0000:00:02.0,decodes=io+mem,owns=io+mem,locks=none
[    0.870581] vgaarb: loaded
[    0.871872] vgaarb: bridge control possible 0000:00:02.0
[    0.874237] SCSI subsystem initialized
[    0.875888] ACPI: bus type USB registered
[    0.877454] usbcore: registered new interface driver usbfs
[    0.879326] usbcore: registered new interface driver hub
[    0.881138] usbcore: registered new device driver usb
[    0.883324] PCI: Using ACPI for IRQ routing
[    0.887033] NetLabel: Initializing
[    0.888409] NetLabel:  domain hash size = 128
[    0.890149] NetLabel:  protocols = UNLABELED CIPSOv4
[    0.891908] NetLabel:  unlabeled traffic allowed by default
[    0.894109] amd_nb: Cannot enumerate AMD northbridges
[    0.896163] clocksource: Switched to clocksource kvm-clock
[    0.913638] AppArmor: AppArmor Filesystem Enabled
[    0.915579] pnp: PnP ACPI init
[    0.918421] pnp: PnP ACPI: found 3 devices
[    0.931562] clocksource: acpi_pm: mask: 0xffffff max_cycles: 0xffffff, max_idle_ns: 2085701024 ns
[    0.935125] NET: Registered protocol family 2
[    0.937107] TCP established hash table entries: 8192 (order: 4, 65536 bytes)
[    0.939737] TCP bind hash table entries: 8192 (order: 5, 131072 bytes)
[    0.942036] TCP: Hash tables configured (established 8192 bind 8192)
[    0.944253] UDP hash table entries: 512 (order: 2, 16384 bytes)
[    0.946685] UDP-Lite hash table entries: 512 (order: 2, 16384 bytes)
[    0.948913] NET: Registered protocol family 1
[    0.950578] pci 0000:00:00.0: Limiting direct PCI/PCI transfers
[    0.952594] pci 0000:00:01.0: Activating ISA DMA hang workarounds
[    0.955037] Unpacking initramfs...
[    1.363099] Freeing initrd memory: 14872K
[    1.365062] RAPL PMU detected, API unit is 2^-32 Joules, 3 fixed counters 10737418240 ms ovfl timer
[    1.368395] hw unit of domain pp0-core 2^-0 Joules
[    1.370163] hw unit of domain package 2^-0 Joules
[    1.371872] hw unit of domain pp1-gpu 2^-0 Joules
[    1.373827] clocksource: tsc: mask: 0xffffffffffffffff max_cycles: 0x30e5debfb38, max_idle_ns: 440795265279 ns
[    1.377357] platform rtc_cmos: registered platform RTC device (no PNP device found)
[    1.380314] Scanning for low memory corruption every 60 seconds
[    1.382880] audit: initializing netlink subsys (disabled)
[    1.384757] audit: type=2000 audit(1581101363.396:1): initialized
[    1.387441] Initialise system trusted keyring
[    1.389507] HugeTLB registered 2 MB page size, pre-allocated 0 pages
[    1.394419] zbud: loaded
[    1.396163] VFS: Disk quotas dquot_6.6.0
[    1.397887] VFS: Dquot-cache hash table entries: 512 (order 0, 4096 bytes)
[    1.400578] squashfs: version 4.0 (2009/01/31) Phillip Lougher
[    1.403163] fuse init (API version 7.23)
[    1.405016] Key type big_key registered
[    1.415567] Allocating IMA MOK and blacklist keyrings.
[    1.418817] Key type asymmetric registered
[    1.420516] Asymmetric key parser 'x509' registered
[    1.422609] Block layer SCSI generic (bsg) driver version 0.4 loaded (major 249)
[    1.425537] io scheduler noop registered
[    1.427057] io scheduler deadline registered (default)
[    1.428854] io scheduler cfq registered
[    1.430587] pci_hotplug: PCI Hot Plug PCI Core version: 0.5
[    1.432462] pciehp: PCI Express Hot Plug Controller Driver version: 0.4
[    1.434873] ACPI: AC Adapter [AC] (on-line)
[    1.436463] input: Power Button as /devices/LNXSYSTM:00/LNXPWRBN:00/input/input0
[    1.439503] ACPI: Power Button [PWRF]
[    1.441089] input: Sleep Button as /devices/LNXSYSTM:00/LNXSLPBN:00/input/input1
[    1.443931] ACPI: Sleep Button [SLPF]
[    1.445784] GHES: HEST is not enabled!
[    1.447355] Serial: 8250/16550 driver, 32 ports, IRQ sharing enabled
[    1.470501] 00:02: ttyS0 at I/O 0x3f8 (irq = 4, base_baud = 115200) is a 16550A
[    1.475914] Linux agpgart interface v0.103
[    1.480035] loop: module loaded
[    1.482440] scsi host0: ata_piix
[    1.484075] scsi host1: ata_piix
[    1.485686] ata1: PATA max UDMA/33 cmd 0x1f0 ctl 0x3f6 bmdma 0xd000 irq 14
[    1.488138] ata2: PATA max UDMA/33 cmd 0x170 ctl 0x376 bmdma 0xd008 irq 15
[    1.490870] libphy: Fixed MDIO Bus: probed
[    1.492486] tun: Universal TUN/TAP device driver, 1.6
[    1.494425] tun: (C) 1999-2004 Max Krasnyansky <maxk@qualcomm.com>
[    1.496582] PPP generic driver version 2.4.2
[    1.498295] ehci_hcd: USB 2.0 'Enhanced' Host Controller (EHCI) Driver
[    1.500431] ehci-pci: EHCI PCI platform driver
[    1.502096] ehci-platform: EHCI generic platform driver
[    1.503908] ohci_hcd: USB 1.1 'Open' Host Controller (OHCI) Driver
[    1.506173] ohci-pci: OHCI PCI platform driver
[    1.507819] ohci-platform: OHCI generic platform driver
[    1.509671] uhci_hcd: USB Universal Host Controller Interface driver
[    1.511821] i8042: PNP: PS/2 Controller [PNP0303:PS2K,PNP0f03:PS2M] at 0x60,0x64 irq 1,12
[    1.515847] serio: i8042 KBD port at 0x60,0x64 irq 1
[    1.517649] serio: i8042 AUX port at 0x60,0x64 irq 12
[    1.519782] mousedev: PS/2 mouse device common for all mice
[    1.522880] rtc_cmos rtc_cmos: rtc core: registered rtc_cmos as rtc0
[    1.525249] input: AT Translated Set 2 keyboard as /devices/platform/i8042/serio0/input/input2
[    1.528802] rtc_cmos rtc_cmos: alarms up to one day, 114 bytes nvram
[    1.531092] i2c /dev entries driver
[    1.532613] device-mapper: uevent: version 1.0.3
[    1.534371] device-mapper: ioctl: 4.34.0-ioctl (2015-10-28) initialised: dm-devel@redhat.com
[    1.537581] ledtrig-cpu: registered to indicate activity on CPUs
[    1.540182] NET: Registered protocol family 10
[    1.542180] NET: Registered protocol family 17
[    1.543828] Key type dns_resolver registered
[    1.545888] registered taskstats version 1
[    1.547461] Loading compiled-in X.509 certificates
[    1.550194] Loaded X.509 cert 'Build time autogenerated kernel key: 4e6a82653c7e3a258f066f23f1954299de63b157'
[    1.553626] zswap: loaded using pool lzo/zbud
[    1.558200] Key type trusted registered
[    1.564872] Key type encrypted registered
[    1.566379] AppArmor: AppArmor sha1 policy hashing enabled
[    1.568281] ima: No TPM chip found, activating TPM-bypass!
[    1.570333] ima: Allocated hash algorithm: sha1
[    1.572116] evm: HMAC attrs: 0x1
[    1.574469]   Magic number: 8:198:847
[    1.576057] rtc_cmos rtc_cmos: setting system clock to 2020-02-07 18:49:17 UTC (1581101357)
[    1.579333] BIOS EDD facility v0.16 2004-Jun-25, 0 devices found
[    1.581440] EDD information not available.
[    1.694525] Freeing unused kernel memory: 1488K
[    1.696277] Write protecting the kernel read-only data: 14336k
[    1.699581] Freeing unused kernel memory: 1604K
[    1.701801] Freeing unused kernel memory: 64K
Loading, please wait...
starting version 229
[    1.724178] random: systemd-udevd: uninitialized urandom read (16 bytes read, 2 bits of entropy available)
[    1.725465] random: udevadm: uninitialized urandom read (16 bytes read, 2 bits of entropy available)
[    1.725504] random: udevadm: uninitialized urandom read (16 bytes read, 2 bits of entropy available)
[    1.737694] random: systemd-udevd: uninitialized urandom read (16 bytes read, 2 bits of entropy available)
[    1.741114] random: systemd-udevd: uninitialized urandom read (16 bytes read, 2 bits of entropy available)
[    1.744554] random: systemd-udevd: uninitialized urandom read (16 bytes read, 2 bits of entropy available)
[    1.745039] random: udevadm: uninitialized urandom read (16 bytes read, 2 bits of entropy available)
[    1.745103] random: udevadm: uninitialized urandom read (16 bytes read, 2 bits of entropy available)
[    1.745378] random: udevadm: uninitialized urandom read (16 bytes read, 2 bits of entropy available)
[    1.745465] random: udevadm: uninitialized urandom read (16 bytes read, 2 bits of entropy available)
[    1.829385] e1000: Intel(R) PRO/1000 Network Driver - version 7.3.21-k8-NAPI
[    1.831849] e1000: Copyright (c) 1999-2006 Intel Corporation.
[    1.834590] Fusion MPT base driver 3.04.20
[    1.836186] Copyright (c) 1999-2008 LSI Corporation
[    1.864738] AVX version of gcm_enc/dec engaged.
[    1.866606] AES CTR mode by8 optimization enabled
[    1.868668] Fusion MPT SPI Host driver 3.04.20
[    2.064139] input: ImExPS/2 Generic Explorer Mouse as /devices/platform/i8042/serio1/input/input4
[    2.401370] e1000 0000:00:03.0 eth0: (PCI:33MHz:32-bit) 02:bb:f4:57:e9:87
[    2.403791] e1000 0000:00:03.0 eth0: Intel(R) PRO/1000 Network Connection
[    3.217293] e1000 0000:00:08.0 eth1: (PCI:33MHz:32-bit) 08:00:27:da:83:92
[    3.219693] e1000 0000:00:08.0 eth1: Intel(R) PRO/1000 Network Connection
[    3.223476] mptbase: ioc0: Initiating bringup
[    3.223627] e1000 0000:00:08.0 enp0s8: renamed from eth1
[    3.242123] e1000 0000:00:03.0 enp0s3: renamed from eth0
[    3.296789] ioc0: LSI53C1030 A0: Capabilities={Initiator}
[    3.458872] scsi host2: ioc0: LSI53C1030 A0, FwRev=00000000h, Ports=1, MaxQ=256, IRQ=20
[    3.572802] scsi 2:0:0:0: Direct-Access     VBOX     HARDDISK         1.0  PQ: 0 ANSI: 5
[    3.576002] scsi target2:0:0: Beginning Domain Validation
[    3.579297] scsi target2:0:0: Domain Validation skipping write tests
[    3.581395] scsi target2:0:0: Ending Domain Validation
[    3.607250] scsi target2:0:0: asynchronous
[    3.609972] scsi 2:0:1:0: Direct-Access     VBOX     HARDDISK         1.0  PQ: 0 ANSI: 5
[    3.613097] scsi target2:0:1: Beginning Domain Validation
[    3.616244] scsi target2:0:1: Domain Validation skipping write tests
[    3.618382] scsi target2:0:1: Ending Domain Validation
[    3.620252] scsi target2:0:1: asynchronous
[    3.629733] sd 2:0:0:0: [sda] 20971520 512-byte logical blocks: (10.7 GB/10.0 GiB)
[    3.633113] sd 2:0:0:0: [sda] Write Protect is off
[    3.633173] sd 2:0:0:0: Attached scsi generic sg0 type 0
[    3.637032] sd 2:0:1:0: [sdb] 20480 512-byte logical blocks: (10.5 MB/10.0 MiB)
[    3.637242] sd 2:0:1:0: [sdb] Write Protect is off
[    3.637469] sd 2:0:1:0: [sdb] Incomplete mode parameter data
[    3.637472] sd 2:0:1:0: [sdb] Assuming drive cache: write through
[    3.638112] sd 2:0:1:0: Attached scsi generic sg1 type 0
[    3.640303] sd 2:0:1:0: [sdb] Attached SCSI disk
[    3.650164] sd 2:0:0:0: [sda] Incomplete mode parameter data
[    3.652126] sd 2:0:0:0: [sda] Assuming drive cache: write through
[    3.656117]  sda: sda1
[    3.658704] sd 2:0:0:0: [sda] Attached SCSI disk
Begin: Loading essential drivers ... [    5.504685] md: linear personality registered for level -1
[    5.510515] md: multipath personality registered for level -4
[    5.516169] md: raid0 personality registered for level 0
[    5.523598] md: raid1 personality registered for level 1
[    5.596175] raid6: sse2x1   gen()  2823 MB/s
[    5.664507] raid6: sse2x1   xor()  1882 MB/s
[    5.732819] raid6: sse2x2   gen()  5166 MB/s
[    5.800196] raid6: sse2x2   xor()  3537 MB/s
[    5.868547] raid6: sse2x4   gen()  8111 MB/s
[    5.936847] raid6: sse2x4   xor()  4622 MB/s
[    5.938741] raid6: using algorithm sse2x4 gen() 8111 MB/s
[    5.941269] raid6: .... xor() 4622 MB/s, rmw enabled
[    5.943107] raid6: using ssse3x2 recovery algorithm
[    5.946927] xor: automatically using best checksumming function:
[    5.988176]    avx       : 21432.000 MB/sec
[    5.991620] async_tx: api initialized (async)
[    6.006766] md: raid6 personality registered for level 6
[    6.008838] md: raid5 personality registered for level 5
[    6.010816] md: raid4 personality registered for level 4
[    6.022074] md: raid10 personality registered for level 10
done.
Begin: Running /scripts/init-premount ... done.
Begin: Mounting root file system ... Begin: Running /scripts/local-top ... done.
Begin: Running /scripts/local-premount ... [    6.077206] Btrfs loaded
Scanning for Btrfs filesystems
done.
Warning: fsck not present, so skipping root file system
[    6.116015] EXT4-fs (sda1): mounted filesystem with ordered data mode. Opts: (null)
done.
Begin: Running /scripts/local-bottom ... done.
Begin: Running /scripts/init-bottom ... done.
[    6.257655] systemd[1]: systemd 229 running in system mode. (+PAM +AUDIT +SELINUX +IMA +APPARMOR +SMACK +SYSVINIT +UTMP +LIBCRYPTSETUP +GCRYPT +GNUTLS +ACL +XZ -LZ4 +SECCOMP +BLKID +ELFUTILS +KMOD -IDN)
[    6.263560] systemd[1]: Detected virtualization oracle.
[    6.265534] systemd[1]: Detected architecture x86-64.

Welcome to [1mUbuntu 16.04.6 LTS[0m!

[    6.271099] systemd[1]: Set hostname to <ubuntu>.
[    6.275429] systemd[1]: Initializing machine ID from random generator.
[    6.277843] systemd[1]: Installed transient /etc/machine-id file.
[    6.451086] systemd[1]: Listening on Journal Socket (/dev/log).
[[0;32m  OK  [0m] Listening on Journal Socket (/dev/log).
[    6.454868] systemd[1]: Listening on Syslog Socket.
[[0;32m  OK  [0m] Listening on Syslog Socket.
[    6.458091] systemd[1]: Listening on udev Kernel Socket.
[[0;32m  OK  [0m] Listening on udev Kernel Socket.
[    6.461362] systemd[1]: Listening on Journal Socket.
[[0;32m  OK  [0m] Listening on Journal Socket.
[    6.464456] systemd[1]: Listening on LVM2 poll daemon socket.
[[0;32m  OK  [0m] Listening on LVM2 poll daemon socket.
[    6.467854] systemd[1]: Reached target User and Group Name Lookups.
[[0;32m  OK  [0m] Reached target User and Group Name Lookups.
[    6.471652] systemd[1]: Started Forward Password Requests to Wall Directory Watch.
[[0;32m  OK  [0m] Started Forward Password Requests to Wall Directory Watch.
[    6.476411] systemd[1]: Listening on udev Control Socket.
[[0;32m  OK  [0m] Listening on udev Control Socket.
[    6.479651] systemd[1]: Reached target Encrypted Volumes.
[[0;32m  OK  [0m] Reached target Encrypted Volumes.
[    6.482898] systemd[1]: Listening on Device-mapper event daemon FIFOs.
[[0;32m  OK  [0m] Listening on Device-mapper event daemon FIFOs.
[    6.487063] systemd[1]: Set up automount Arbitrary Executable File Formats File System Automount Point.
[[0;32m  OK  [0m] Set up automount Arbitrary Executab...ats File System Automount Point.
[    6.492496] systemd[1]: Listening on LVM2 metadata daemon socket.
[[0;32m  OK  [0m] Listening on LVM2 metadata daemon socket.
[    6.496431] systemd[1]: Created slice User and Session Slice.
[[0;32m  OK  [0m] Created slice User and Session Slice.
[    6.500053] systemd[1]: Reached target Swap.
[[0;32m  OK  [0m] Reached target Swap.
[    6.503342] systemd[1]: Created slice System Slice.
[[0;32m  OK  [0m] Created slice System Slice.
[    6.507018] systemd[1]: Created slice system-serial\x2dgetty.slice.
[[0;32m  OK  [0m] Created slice system-serial\x2dgetty.slice.
[    6.520622] systemd[1]: Mounting Debug File System...
         Mounting Debug File System...
[    6.524856] systemd[1]: Starting Create list of required static device nodes for the current kernel...
         Starting Create list of required st... nodes for the current kernel...
[    6.532187] systemd[1]: Mounting Huge Pages File System...
         Mounting Huge Pages File System...
[    6.542267] systemd[1]: Starting Monitoring of LVM2 mirrors, snapshots etc. using dmeventd or progress polling...
         Starting Monitoring of LVM2 mirrors... dmeventd or progress polling...
[    6.548827] systemd[1]: Starting Uncomplicated firewall...
         Starting Uncomplicated firewall...
[    6.557890] systemd[1]: Starting Remount Root and Kernel File Systems...
         Starting Remount Root and Kernel File Systems...
[    6.564320] EXT4-fs (sda1): re-mounted. Opts: (null)
[    6.593033] systemd[1]: Starting Load Kernel Modules...
         Starting Load Kernel Modules...
[    6.597429] systemd[1]: Mounting POSIX Message Queue File System...
         Mounting POSIX Message Queue File System...
[    6.604590] systemd[1]: Starting Set console keymap...
         Starting Set console keymap...
[    6.609256] systemd[1]: Started Trigger resolvconf update for networkd DNS.
[[0;32m  OK  [0m] Started Trigger resolvconf update for networkd DNS.
[    6.613025] Loading iSCSI transport class v2.0-870.
[    6.613139] systemd[1]: Reached target System Time Synchronized.
[[0;32m  OK  [0m] Reached target System Time Synchronized.
[    6.618122] systemd[1]: Reached target Slices.
[[0;32m  OK  [0m] Reached target Slices.
[    6.622032] systemd[1]: Starting Nameserver information manager...
         Starting Nameserver information manager...
[    6.625963] systemd[1]: Listening on /dev/initctl Compatibility Named Pipe.
[[0;32m  OK  [0m] Listening on /dev/initctl Compatibility Named Pipe.
[    6.630462] systemd[1]: Listening on Journal Audit Socket.
[    6.632676] iscsi: registered transport (tcp)
[[0;32m  OK  [0m] Listening on Journal Audit Socket.
[    6.636290] systemd[1]: Starting Journal Service...
         Starting Journal Service...
[    6.647313] systemd[1]: Mounted POSIX Message Queue File System.
[[0;32m  OK  [0m] Mounted POSIX Message Queue File System.
[    6.650768] systemd[1]: Mounted Huge Pages File System.
[[0;32m  OK  [0m] Mounted Huge Pages File System.
[    6.661017] systemd[1]: Mounted Debug File System.
[[0;32m  OK  [0m] Mounted Debug File System.
[    6.664734] systemd[1]: Started Create list of required static device nodes for the current kernel.
[[0;32m  OK  [0m] Started Create list of required sta...ce nodes for the current kernel.
[    6.677171] systemd[1]: Started Uncomplicated firewall.
[[0;32m  OK  [0m] Started Uncomplicated firewall.
[    6.681200] systemd[1]: Started Remount Root and Kernel File Systems.
[[0;32m  OK  [0m] Started Remount Root and Kernel File Systems.
[    6.706941] systemd[1]: Started Journal Service.
[[0;32m  OK  [0m] Started Journal Service.
[[0;32m  OK  [0m] Started Nameserver information manager.
[[0;32m  OK  [0m] Started LVM2 metadata daemon.
[    6.726882] iscsi: registered transport (iser)
         Starting udev Coldplug all Devices...
         Starting Flush Journal to Persistent Storage...
         Starting Load/Save Random Seed...
         Starting Create Static Device Nodes in /dev...
[[0;32m  OK  [0m] Started Load Kernel Modules.
[[0;32m  OK  [0m] Started Load/Save Random Seed.
[[0;32m  OK  [0m] Started Create Static Device Nodes in /dev.
         Starting udev Kernel Device Manager...
         Starting Apply Kernel Variables...
         Mounting FUSE Control File System...
[[0;32m  OK  [0m] Mounted FUSE Control File System.
[[0;32m  OK  [0m] Started Set console keymap.
[[0;32m  OK  [0m] Started Apply Kernel Variables.
[[0;32m  OK  [0m] Started Flush Journal to Persistent Storage.
[[0;32m  OK  [0m] Started udev Kernel Device Manager.
[[0;32m  OK  [0m] Started udev Coldplug all Devices.
[[0;32m  OK  [0m] Started Dispatch Password Requests to Console Directory Watch.
[[0;32m  OK  [0m] Found device /dev/ttyS0.
[[0;32m  OK  [0m] Listening on Load/Save RF Kill Switch Status /dev/rfkill Watch.
[[0;32m  OK  [0m] Started Monitoring of LVM2 mirrors,...ng dmeventd or progress polling.
[[0;32m  OK  [0m] Reached target Local File Systems (Pre).
[[0;32m  OK  [0m] Reached target Local File Systems.
         Starting LSB: AppArmor initialization...
         Starting Initial cloud-init job (pre-networking)...
         Starting Commit a transient machine-id on disk...
         Starting Set console font and keymap...
         Starting Create Volatile Files and Directories...
         Starting Tell Plymouth To Write Out Runtime Data...
[[0;32m  OK  [0m] Started Commit a transient machine-id on disk.
[[0;32m  OK  [0m] Started Create Volatile Files and Directories.
[[0;32m  OK  [0m] Started Tell Plymouth To Write Out Runtime Data.
         Starting Update UTMP about System Boot/Shutdown...
[[0;32m  OK  [0m] Started Update UTMP about System Boot/Shutdown.
[[0;32m  OK  [0m] Started Set console font and keymap.
[[0;32m  OK  [0m] Created slice system-getty.slice.
[    9.513372] cloud-init[620]: Cloud-init v. 19.4-33-gbb4131a2-0ubuntu1~16.04.1 running 'init-local' at Fri, 07 Feb 2020 18:49:25 +0000. Up 8.73 seconds.
[[0;32m  OK  [0m] Started Initial cloud-init job (pre-networking).
[[0;32m  OK  [0m] Reached target Network (Pre).
[[0;32m  OK  [0m] Started LSB: AppArmor initialization.
         Starting Raise network interfaces...
[[0;32m  OK  [0m] Started Raise network interfaces.
         Starting Initial cloud-init job (metadata service crawler)...
[[0;32m  OK  [0m] Reached target Network.
[   12.280538] cloud-init[965]: Cloud-init v. 19.4-33-gbb4131a2-0ubuntu1~16.04.1 running 'init' at Fri, 07 Feb 2020 18:49:27 +0000. Up 11.39 seconds.
[   12.283450] cloud-init[965]: ci-info: ++++++++++++++++++++++++++++++++++++++Net device info+++++++++++++++++++++++++++++++++++++++
[   12.286412] cloud-init[965]: ci-info: +--------+-------+----------------------------+---------------+--------+-------------------+
[   12.288669] cloud-init[965]: ci-info: | Device |   Up  |          Address           |      Mask     | Scope  |     Hw-Address    |
[   12.291300] cloud-init[965]: ci-info: +--------+-------+----------------------------+---------------+--------+-------------------+
[   12.293701] cloud-init[965]: ci-info: | enp0s3 |  True |         10.0.2.15          | 255.255.255.0 | global | 02:bb:f4:57:e9:87 |
[   12.296082] cloud-init[965]: ci-info: | enp0s3 |  True | fe80::bb:f4ff:fe57:e987/64 |       .       |  link  | 02:bb:f4:57:e9:87 |
[   12.298547] cloud-init[965]: ci-info: | enp0s8 | False |             .              |       .       |   .    | 08:00:27:da:83:92 |
[   12.306920] cloud-init[965]: ci-info: |   lo   |  True |         127.0.0.1          |   255.0.0.0   |  host  |         .         |
[   12.340547] cloud-init[965]: ci-info: |   lo   |  True |          ::1/128           |       .       |  host  |         .         |
[   12.342787] cloud-init[965]: ci-info: +--------+-------+----------------------------+---------------+--------+-------------------+
[   12.345257] cloud-init[965]: ci-info: +++++++++++++++++++++++++++Route IPv4 info++++++++++++++++++++++++++++
[   12.347669] cloud-init[965]: ci-info: +-------+-------------+----------+---------------+-----------+-------+
[   12.350065] cloud-init[965]: ci-info: | Route | Destination | Gateway  |    Genmask    | Interface | Flags |
[   12.352459] cloud-init[965]: ci-info: +-------+-------------+----------+---------------+-----------+-------+
[   12.360974] cloud-init[965]: ci-info: |   0   |   0.0.0.0   | 10.0.2.2 |    0.0.0.0    |   enp0s3  |   UG  |
[   12.368827] cloud-init[965]: ci-info: |   1   |   10.0.2.0  | 0.0.0.0  | 255.255.255.0 |   enp0s3  |   U   |
[   12.371045] cloud-init[965]: ci-info: +-------+-------------+----------+---------------+-----------+-------+
[   12.374003] cloud-init[965]: ci-info: +++++++++++++++++++Route IPv6 info+++++++++++++++++++
[   12.376142] cloud-init[965]: ci-info: +-------+-------------+---------+-----------+-------+
[   12.378021] cloud-init[965]: ci-info: | Route | Destination | Gateway | Interface | Flags |
[   12.380678] cloud-init[965]: ci-info: +-------+-------------+---------+-----------+-------+
[   12.382892] cloud-init[965]: ci-info: |   0   |  fe80::/64  |    ::   |   enp0s3  |   U   |
[   12.392673] cloud-init[965]: ci-info: |   3   |   ff00::/8  |    ::   |   enp0s3  |   U   |
[   12.400523] cloud-init[965]: ci-info: +-------+-------------+---------+-----------+-------+
[   12.404685] [[0;32m  OK  [0m] Started Initial cloud-init job (metadata service crawler).
[[0;32m  OK  [0m] Reached target System Initialization.
[[0;32m  OK  [0m] Listening on UUID daemon activation socket.
[[0;32m  OK  [0m] Started Daily Cleanup of Temporary Directories.
[[0;32m  OK  [0m] Started Daily apt download activities.
[[0;32m  OK  [0m] Listening on ACPID Listen Socket.
cloud-init[965]: [[0;32m  OK  [0m] Started ACPI Events Check.
[[0;32m  OK  [0m] Reached target Paths.
Generating public/private rsa key pair.
[   12.416931]          Starting LXD - unix socket.
[[0;32m  OK  [0m] Started Daily apt upgrade and clean activities.
         Starting Socket activation for snappy daemon.
[[0;32m  OK  [0m] Started Message of the Day.cloud-init
[965]: Your identification has been saved in /etc/ssh/ssh_host_rsa_key.
[[0;32m  OK  [0m] Reached target Timers.
[   12.421419] [[0;32m  OK  [0m] Listening on D-Bus System Message Bus Socket.
[[0;32m  OK  [0m] Reached target Network is Online.
cloud-init[965]: Your public key has been saved in /etc/ssh/ssh_host_rsa_key.pub.
[   12.424279] cloud-init[965]: The key fingerprint is:
[   12.425777] cloud-init[965]: SHA256:bhDQ6iG/6NvqMorDBzNNb1jt2Rx8fzGTUBl5qldZFCM root@ubuntu-xenial
[   12.427883] cloud-init[965]: The key's randomart image is:
[   12.429475] cloud-init[965]: +---[RSA 2048]----+
[   12.430891] cloud-init[965]: |    ..       E.**|
[   12.432317] cloud-init[965]: |     ..      ..o+|
[   12.433798] cloud-init[965]: |     .o .     ..=|
[   12.435255] cloud-init[965]: |  ..o. o o .  .*.|
[   12.436732] cloud-init[965]: |  o++.o S o .. .+|
[   12.438169] cloud-init[965]: | + ooo = o  .... |
[   12.439597]          Starting iSCSI initiator daemon (iscsid)...
[[0;32m  OK  [0m] Reached target Cloud-config availability.
[[0;32m  OK  [0m] Listening on LXD - unix socket.
[[0;32m  OK  [0m] Listening on Socket activation for snappy daemon.
[[0;32m  OK  [0m] Reached target Sockets.
[[0;32m  OK  [0m] Reached target Basic System.
cloud-init         Starting Login Service...
[965]: |. +...  o    ..  |[[0;32m  OK  [0m] Started D-Bus System Message Bus.

[   12.447197] cloud-init[965]: |=..o.  .         |
[   12.451322] cloud-init[965]: |+**o.            |
[   12.456727] cloud-init[965]: +----[SHA256]-----+
[   12.459374] cloud-init[965]: Generating public/private dsa key pair.
[   12.465744] cloud-init[965]: Your identification has been saved in /etc/ssh/ssh_host_dsa_key.
[   12.468992] cloud-init[965]: Your public key has been saved in /etc/ssh/ssh_host_dsa_key.pub.
[   12.473252] cloud-init[965]: The key fingerprint is:
[   12.482651] cloud-init[965]: SHA256:KMe/IPMa8G8p2SITjCsaSJ885ywxUs7dWg87R9dmKP4 root@ubuntu-xenial
[   12.493097] cloud-init[965]: The key's randomart image is:
[   12.500866]          Starting /etc/rc.local Compatibility...
cloud-init[965]: +---[DSA 1024]----+
[[0;32m  OK  [0m] Started ACPI event daemon.
[   12.503882] cloud-init[965]: |                 |
[[0;32m  OK  [0m] Started Regular background program processing daemon.
[[0;32m  OK  [0m] Started Deferred execution scheduler.
         Starting Pollinate to seed the pseudo random number generator...
         Starting Virtualbox guest utils...
         Starting Accounts Service...
         Starting LSB: MD monitoring daemon...
[   12.510130] [[0;32m  OK  [0m] Started FUSE filesystem for LXC.
cloud-init[965]: |                 |
         Starting LXD - container startup/shutdown...
         Starting System Logging Service...
         Starting LSB: Record successful boot for GRUB...
         Starting Snappy daemon...
[[0;32m  OK  [0m] Started /etc/rc.local Compatibility.
[   12.524457] [[0;32m  OK  [0m] Started Login Service.
[[0;32m  OK  [0m] Started Unattended Upgrades Shutdown.
[[0;32m  OK  [0m] Started iSCSI initiator daemon (iscsid).
cloud-init[965]: |                 |
[   12.583708] cloud-init[965]: |   . . .         |         Starting Login to default iSCSI targets...
[[0;32m  OK  [0m] Started System Logging Service.

[   12.605145] cloud-init[965]: | += o = S   o    |
[   12.618434] cloud-init[965]: |+.=B.+ = o o +   |
[   12.626687] [[0;32m  OK  [0m] Started Login to default iSCSI targets.
cloud-init[965]: |o..*B++.B o o    |[[0;32m  OK  [0m] Reached target Remote File Systems (Pre).
[[0;32m  OK  [0m] Reached target Remote File Systems.
         Starting LSB: daemon to balance interrupts for SMP systems...
         Starting LSB: Set the CPU Frequency Scaling governor to "ondemand"...
         Starting Permit User Sessions...
         Starting LSB: automatic crash report generation...

[   12.669511] cloud-init[965]: |o.o.OB++ =       |
[   12.674250] cloud-init[965]: |+  ooBo + .E     |[[0;32m  OK  [0m] Started Permit User Sessions.

[   12.689243]          Starting Terminate Plymouth Boot Screen...
cloud-init[965]: +----[SHA256]-----+
[   12.693584] cloud-init[965]: Generating public/private ecdsa key pair.
[   12.706406] cloud-init[965]: Your identification has been saved in /etc/ssh/ssh_host_ecdsa_key.
         Starting Hold until boot process finishes up...
         Starting Authenticate and Authorize Users to Run Privileged Tasks...
[   12.711235] cloud-init[[0;32m  OK  [0m] Started LSB: MD monitoring daemon.
[[0;32m  OK  [0m] Started Terminate Plymouth Boot Screen.
[[0;32m  OK  [0m] Started Hold until boot process finishes up.
[965]: Your public key has been saved in /etc/ssh/ssh_host_ecdsa_key.pub.[[0;32m  OK  [0m] Started Getty on tty1.
[[0;32m  OK  [0m] Started Serial Getty on ttyS0.
[[0;32m  OK  [0m] Reached target Login Prompts.
         Starting Set console scheme...
[[0;32m  OK  [0m] Started LSB: Record successful boot for GRUB.
[[0;32m  OK  [0m] Started LSB: Set the CPU Frequency Scaling governor to "ondemand".
[[0;32m  OK  [0m] Started Set console scheme.

[   12.772096] cloud-init[965]: The key fingerprint is:
[   12.777307] cloud-init[965]: SHA256:aB7+KB+3fcoFXUtm0aDX564foGkzH5nCdbg+RwdmEDQ root@ubuntu-xenial
[   12.784245] cloud-init[[0;32m  OK  [0m] Started LSB: daemon to balance interrupts for SMP systems.
[965]: The key's randomart image is:
[[0;32m  OK  [0m] Started Authenticate and Authorize Users to Run Privileged Tasks.
[[0;32m  OK  [0m] Started Accounts Service.
[   12.809041] cloud-init[965]: +---[ECDSA 256]---+
[   12.812784] cloud-init[965]: |           .E.oo |
[   12.820694] cloud-init[965]: |            .o o.|
[   12.824617] cloud-init[965]: |            ..* o|
[   12.827968] cloud-init[965]: |       .   . *=o.|
[[0;32m  OK  [0m] Started LSB: automatic crash report generation.
[   12.844664] cloud-init[965]: |      + S . .*.o.|
[   12.854203] cloud-init[965]: |     + .  ..+ *o.|
[   12.856557] [[0;32m  OK  [0m] Started LXD - container startup/shutdown.
cloud-init[965]: |      + .  O.=..o|
[   12.861930] cloud-init[965]: |    .  = +..B..o.|
[   12.872612] cloud-init[965]: |     oo o +o o+..|
[   12.873750] cloud-init[965]: +----[SHA256]-----+
[   12.874889] cloud-init[965]: Generating public/private ed25519 key pair.
[   12.876852] cloud-init[965]: Your identification has been saved in /etc/ssh/ssh_host_ed25519_key.
[   12.879131] cloud-init[965]: Your public key has been saved in /etc/ssh/ssh_host_ed25519_key.pub.
[   12.881277] cloud-init[965]: The key fingerprint is:
[   12.882923] cloud-init[965]: SHA256:Pfr7fjxM5BW/noXJx7v7vo+WhljnvRNUBtVIYeV0hps root@ubuntu-xenial
[   12.886685] cloud-init[965]: The key's randomart image is:
[   12.888329] cloud-init[965]: +--[ED25519 256]--+
[   12.890059] cloud-init[965]: |             .=BB|
[   12.891985] cloud-init[965]: |             .o==|
[   12.895037] cloud-init[965]: |               +=|
[   12.905099] [[0;32m  OK  [0m] Started Virtualbox guest utils.
cloud-init[965]: |         .    E.o|
[   12.906777] cloud-init[965]: |        S o  +.=.|
[   12.909950] cloud-init[965]: |         . .. Bo+|
[   12.911765] cloud-init[965]: |        .  o B.+=|
[   12.921213] cloud-init[965]: |         .. . X*.|
[   12.922900] cloud-init[965]: |          o+o+.B%|
[   12.928486] cloud-init[965]: +----[SHA256]-----+
[[0;32m  OK  [0m] Started Snappy daemon.
         Starting Wait until snapd is fully seeded...
[[0;32m  OK  [0m] Started Pollinate to seed the pseudo random number generator.
         Starting OpenBSD Secure Shell server...
[[0;32m  OK  [0m] Started OpenBSD Secure Shell server.
[[0;32m  OK  [0m] Created slice User Slice of vagrant.
         Starting User Manager for UID 1000...
[[0;32m  OK  [0m] Started Session 1 of user vagrant.
[[0;32m  OK  [0m] Started User Manager for UID 1000.
[[0;32m  OK  [0m] Started Wait until snapd is fully seeded.
[[0;32m  OK  [0m] Reached target Multi-User System.
[[0;32m  OK  [0m] Reached target Graphical Interface.
         Starting Update UTMP about System Runlevel Changes...
         Starting Apply the settings specified in cloud-config...
[[0;32m  OK  [0m] Started Update UTMP about System Runlevel Changes.
[   15.451934] cloud-init[1414]: Generating locales (this might take a while)...
[   17.438251] cloud-init[1414]:   en_US.UTF-8... done
[   17.439815] cloud-init[1414]: Generation complete.
[   18.033169] cloud-init[1414]: Cloud-init v. 19.4-33-gbb4131a2-0ubuntu1~16.04.1 running 'modules:config' at Fri, 07 Feb 2020 18:49:31 +0000. Up 15.25 seconds.

Ubuntu 16.04.6 LTS ubuntu-xenial ttyS0

ubuntu-xenial login: ci-info: no authorized SSH keys fingerprints found for user ubuntu.
<14>Feb  7 18:49:35 ec2: 
<14>Feb  7 18:49:35 ec2: #############################################################
<14>Feb  7 18:49:35 ec2: -----BEGIN SSH HOST KEY FINGERPRINTS-----
<14>Feb  7 18:49:35 ec2: 1024 SHA256:KMe/IPMa8G8p2SITjCsaSJ885ywxUs7dWg87R9dmKP4 root@ubuntu-xenial (DSA)
<14>Feb  7 18:49:35 ec2: 256 SHA256:aB7+KB+3fcoFXUtm0aDX564foGkzH5nCdbg+RwdmEDQ root@ubuntu-xenial (ECDSA)
<14>Feb  7 18:49:35 ec2: 256 SHA256:Pfr7fjxM5BW/noXJx7v7vo+WhljnvRNUBtVIYeV0hps root@ubuntu-xenial (ED25519)
<14>Feb  7 18:49:35 ec2: 2048 SHA256:bhDQ6iG/6NvqMorDBzNNb1jt2Rx8fzGTUBl5qldZFCM root@ubuntu-xenial (RSA)
<14>Feb  7 18:49:35 ec2: -----END SSH HOST KEY FINGERPRINTS-----
<14>Feb  7 18:49:35 ec2: #############################################################
-----BEGIN SSH HOST KEY KEYS-----
ecdsa-sha2-nistp256 AAAAE2VjZHNhLXNoYTItbmlzdHAyNTYAAAAIbmlzdHAyNTYAAABBBCULuQBdmIyWCtKIVGIbWW4wqHWyWcSoCJWyzuqwLjfD1K57YTEwMvom8yG6WnIDIbQBJNR1ZmwbQQvjBaE/vLo= root@ubuntu-xenial
ssh-ed25519 AAAAC3NzaC1lZDI1NTE5AAAAINs1lbJ0hgRevT9hFhyREnMpqqnA95bxMe5+VM3mGa4s root@ubuntu-xenial
ssh-rsa AAAAB3NzaC1yc2EAAAADAQABAAABAQCmZTJEyrtw+fEyRFY2SD5GvsVcoa0HI1tTDkioFLeaxd7adKF0caSe+0CkC1ibj2jqcVWOnbChasSTfQfke8bTnmsVWx4t6kRQqgKv1V3FQahmj5Z2zu543+OLe+U4XuBdF98V2JaO5G2NEou3wr1MD5zh1wgZVeHbsgWtrguRbNDQtYC5+d3ohMoLdpgVpfdgwzZAHD4POKwDteLk1BP+PJAANumPY5k5IV8JrxaJR8AHCgMJS/vHeuQQIhbTWx9aLcw1/NmCpyLiSvyNVcUgOf2Cc9LaLOhVADy7XA6241GYfdAvpagsnCntalilxizhLwwcn2FmcAeOiE0m3v53 root@ubuntu-xenial
-----END SSH HOST KEY KEYS-----
[   18.924341] cloud-init[1615]: Cloud-init v. 19.4-33-gbb4131a2-0ubuntu1~16.04.1 running 'modules:final' at Fri, 07 Feb 2020 18:49:35 +0000. Up 18.69 seconds.
[   18.924660] cloud-init[1615]: ci-info: no authorized SSH keys fingerprints found for user ubuntu.
[   18.925461] cloud-init[1615]: Cloud-init v. 19.4-33-gbb4131a2-0ubuntu1~16.04.1 finished at Fri, 07 Feb 2020 18:49:35 +0000. Datasource DataSourceNoCloud [seed=/dev/sdb][dsmode=net].  Up 18.90 seconds
